<?xml version="1.0" encoding="UTF-8"?>
<testng-results skipped="0" failed="0" ignored="0" total="1" passed="1">
  <reporter-output>
  </reporter-output>
  <suite name="Default suite" duration-ms="10239" started-at="2020-11-07T23:44:53 IST" finished-at="2020-11-07T23:45:03 IST">
    <groups>
    </groups>
    <test name="Default test" duration-ms="10239" started-at="2020-11-07T23:44:53 IST" finished-at="2020-11-07T23:45:03 IST">
      <class name="jayashreeautomation1.ExtentReports2Maven.ExtentReportDemo">
        <test-method status="PASS" signature="config()[pri:0, instance:jayashreeautomation1.ExtentReports2Maven.ExtentReportDemo@167fdd33]" name="config" is-config="true" duration-ms="383" started-at="2020-11-07T23:44:53 IST" finished-at="2020-11-07T23:44:53 IST">
          <reporter-output>
          </reporter-output>
        </test-method> <!-- config -->
        <test-method status="PASS" signature="initialDemo()[pri:0, instance:jayashreeautomation1.ExtentReports2Maven.ExtentReportDemo@167fdd33]" name="initialDemo" duration-ms="9798" started-at="2020-11-07T23:44:53 IST" finished-at="2020-11-07T23:45:03 IST">
          <reporter-output>
          </reporter-output>
        </test-method> <!-- initialDemo -->
      </class> <!-- jayashreeautomation1.ExtentReports2Maven.ExtentReportDemo -->
    </test> <!-- Default test -->
  </suite> <!-- Default suite -->
</testng-results>
